#
# There is insufficient memory for the Java Runtime Environment to continue.
# Native memory allocation (mmap) failed to map 1077936128 bytes for G1 virtual space
# Possible reasons:
#   The system is out of physical RAM or swap space
#   The process is running with CompressedOops enabled, and the Java Heap may be blocking the growth of the native heap
# Possible solutions:
#   Reduce memory load on the system
#   Increase physical memory or swap space
#   Check if swap backing store is full
#   Decrease Java heap size (-Xmx/-Xms)
#   Decrease number of Java threads
#   Decrease Java thread stack sizes (-Xss)
#   Set larger code cache with -XX:ReservedCodeCacheSize=
#   JVM is running with Zero Based Compressed Oops mode in which the Java heap is
#     placed in the first 32GB address space. The Java Heap base address is the
#     maximum limit for the native heap growth. Please use -XX:HeapBaseMinAddress
#     to set the Java Heap base and to place the Java Heap above 32GB virtual address.
# This output file may be truncated or incomplete.
#
#  Out of Memory Error (os_windows.cpp:3535), pid=6732, tid=1664
#
# JRE version:  (17.0.4+11) (build )
# Java VM: Java HotSpot(TM) 64-Bit Server VM (17.0.4+11-LTS-179, mixed mode, sharing, tiered, compressed oops, compressed class ptrs, g1 gc, windows-amd64)
# Core dump will be written. Default location: C:\Users\Administrator\Desktop\LatestSebZero8-16\718\SebZeroServer\hs_err_pid6732.mdmp
#

---------------  S U M M A R Y ------------

Command Line: -Xms1028m -Xmx2054m com.rs.Launcher

Host: Intel Core Processor (Haswell, no TSX), 4 cores, 7G,  Windows Server 2019 , 64 bit Build 17763 (10.0.17763.1879)
Time: Wed Nov 16 07:19:23 2022 Pacific Standard Time elapsed time: 0.034140 seconds (0d 0h 0m 0s)

---------------  T H R E A D  ---------------

Current thread (0x0000017afb0f2610):  JavaThread "Unknown thread" [_thread_in_vm, id=1664, stack(0x000000459f700000,0x000000459f800000)]

Stack: [0x000000459f700000,0x000000459f800000]
Native frames: (J=compiled Java code, j=interpreted, Vv=VM code, C=native code)
V  [jvm.dll+0x6723da]
V  [jvm.dll+0x7d1f74]
V  [jvm.dll+0x7d371e]
V  [jvm.dll+0x7d3d83]
V  [jvm.dll+0x242ed5]
V  [jvm.dll+0x66f2f9]
V  [jvm.dll+0x663c42]
V  [jvm.dll+0x30103b]
V  [jvm.dll+0x3085d6]
V  [jvm.dll+0x35844e]
V  [jvm.dll+0x35867f]
V  [jvm.dll+0x2d8258]
V  [jvm.dll+0x2d91c4]
V  [jvm.dll+0x7a3a51]
V  [jvm.dll+0x3662a1]
V  [jvm.dll+0x782dcc]
V  [jvm.dll+0x3e8bff]
V  [jvm.dll+0x3ea6a1]
C  [jli.dll+0x527b]
C  [ucrtbase.dll+0x2268a]
C  [KERNEL32.DLL+0x17974]
C  [ntdll.dll+0x5a2f1]


---------------  P R O C E S S  ---------------

Threads class SMR info:
_java_thread_list=0x00007ffd3bd0a858, length=0, elements={
}

Java Threads: ( => current thread )

Other Threads:
  0x0000017afb1368b0 GCTaskThread "GC Thread#0" [stack: 0x000000459f800000,0x000000459f900000] [id=968]
  0x0000017afb13f750 ConcurrentGCThread "G1 Main Marker" [stack: 0x000000459f900000,0x000000459fa00000] [id=5952]
  0x0000017afb141080 ConcurrentGCThread "G1 Conc#0" [stack: 0x000000459fa00000,0x000000459fb00000] [id=5572]

[error occurred during error reporting (printing all threads), id 0xc0000005, EXCEPTION_ACCESS_VIOLATION (0xc0000005) at pc=0x00007ffd3b558c47]

VM state: not at safepoint (not fully initialized)

VM Mutex/Monitor currently owned by a thread:  ([mutex/lock_event])
[0x0000017afb0edeb0] Heap_lock - owner thread: 0x0000017afb0f2610

Heap address: 0x000000077fa00000, size: 2054 MB, Compressed Oops mode: Zero based, Oop shift amount: 3

CDS archive(s) mapped at: [0x0000000000000000-0x0000000000000000-0x0000000000000000), size 0, SharedBaseAddress: 0x0000000800000000, ArchiveRelocationMode: 0.
Narrow klass base: 0x0000000000000000, Narrow klass shift: 0, Narrow klass range: 0x0

GC Precious Log:
<Empty>

Heap:
 garbage-first heap   total 0K, used 0K [0x000000077fa00000, 0x0000000800000000)
  region size 2048K, 0 young (0K), 0 survivors (0K)

[error occurred during error reporting (printing heap information), id 0xc0000005, EXCEPTION_ACCESS_VIOLATION (0xc0000005) at pc=0x00007ffd3b93b889]

GC Heap History (0 events):
No events

Deoptimization events (0 events):
No events

Classes unloaded (0 events):
No events

Classes redefined (0 events):
No events

Internal exceptions (0 events):
No events

VM Operations (0 events):
No events

Events (1 events):
Event: 0.013 Loaded shared library C:\Program Files\Java\jdk-17.0.4\bin\java.dll


Dynamic libraries:
0x00007ff60ddd0000 - 0x00007ff60dde0000 	C:\Program Files\Java\jdk-17.0.4\bin\java.exe
0x00007ffd5e670000 - 0x00007ffd5e85d000 	C:\Windows\SYSTEM32\ntdll.dll
0x00007ffd5d2b0000 - 0x00007ffd5d363000 	C:\Windows\System32\KERNEL32.DLL
0x00007ffd5b330000 - 0x00007ffd5b5c5000 	C:\Windows\System32\KERNELBASE.dll
0x00007ffd5a730000 - 0x00007ffd5a82a000 	C:\Windows\System32\ucrtbase.dll
0x00007ffd4ebe0000 - 0x00007ffd4ebf8000 	C:\Program Files\Java\jdk-17.0.4\bin\jli.dll
0x00007ffd50450000 - 0x00007ffd5046a000 	C:\Program Files\Java\jdk-17.0.4\bin\VCRUNTIME140.dll
0x00007ffd5dfa0000 - 0x00007ffd5e043000 	C:\Windows\System32\ADVAPI32.dll
0x00007ffd5de80000 - 0x00007ffd5df1e000 	C:\Windows\System32\msvcrt.dll
0x00007ffd5d710000 - 0x00007ffd5d7ae000 	C:\Windows\System32\sechost.dll
0x00007ffd5d370000 - 0x00007ffd5d48f000 	C:\Windows\System32\RPCRT4.dll
0x00007ffd5b900000 - 0x00007ffd5ba97000 	C:\Windows\System32\USER32.dll
0x00007ffd5a830000 - 0x00007ffd5a850000 	C:\Windows\System32\win32u.dll
0x00007ffd4faa0000 - 0x00007ffd4fd19000 	C:\Windows\WinSxS\amd64_microsoft.windows.common-controls_6595b64144ccf1df_6.0.17763.1935_none_de70702c534c0c76\COMCTL32.dll
0x00007ffd5d960000 - 0x00007ffd5d989000 	C:\Windows\System32\GDI32.dll
0x00007ffd5db40000 - 0x00007ffd5de6d000 	C:\Windows\System32\combase.dll
0x00007ffd5b190000 - 0x00007ffd5b32c000 	C:\Windows\System32\gdi32full.dll
0x00007ffd5b7a0000 - 0x00007ffd5b840000 	C:\Windows\System32\msvcp_win.dll
0x00007ffd5b5d0000 - 0x00007ffd5b64f000 	C:\Windows\System32\bcryptPrimitives.dll
0x00007ffd50800000 - 0x00007ffd5080a000 	C:\Windows\SYSTEM32\VERSION.dll
0x00007ffd5cfa0000 - 0x00007ffd5cfce000 	C:\Windows\System32\IMM32.DLL
0x00007ffd52d10000 - 0x00007ffd52d1c000 	C:\Program Files\Java\jdk-17.0.4\bin\vcruntime140_1.dll
0x00007ffd4c080000 - 0x00007ffd4c10d000 	C:\Program Files\Java\jdk-17.0.4\bin\msvcp140.dll
0x00007ffd3b270000 - 0x00007ffd3be32000 	C:\Program Files\Java\jdk-17.0.4\bin\server\jvm.dll
0x00007ffd5d190000 - 0x00007ffd5d198000 	C:\Windows\System32\PSAPI.DLL
0x00007ffd58240000 - 0x00007ffd58264000 	C:\Windows\SYSTEM32\WINMM.dll
0x00007ffd427f0000 - 0x00007ffd427f9000 	C:\Windows\SYSTEM32\WSOCK32.dll
0x00007ffd58210000 - 0x00007ffd5823d000 	C:\Windows\SYSTEM32\WINMMBASE.dll
0x00007ffd5b6a0000 - 0x00007ffd5b6ea000 	C:\Windows\System32\cfgmgr32.dll
0x00007ffd5d820000 - 0x00007ffd5d88d000 	C:\Windows\System32\ws2_32.DLL
0x00007ffd5a660000 - 0x00007ffd5a671000 	C:\Windows\System32\kernel.appcore.dll
0x00007ffd4ccb0000 - 0x00007ffd4ccba000 	C:\Program Files\Java\jdk-17.0.4\bin\jimage.dll
0x00007ffd4d640000 - 0x00007ffd4d82d000 	C:\Windows\SYSTEM32\DBGHELP.DLL
0x00007ffd4d610000 - 0x00007ffd4d63a000 	C:\Windows\SYSTEM32\dbgcore.DLL
0x00007ffd4c860000 - 0x00007ffd4c885000 	C:\Program Files\Java\jdk-17.0.4\bin\java.dll

dbghelp: loaded successfully - version: 4.0.5 - missing functions: none
symbol engine: initialized successfully - sym options: 0x614 - pdb path: .;C:\Program Files\Java\jdk-17.0.4\bin;C:\Windows\SYSTEM32;C:\Windows\WinSxS\amd64_microsoft.windows.common-controls_6595b64144ccf1df_6.0.17763.1935_none_de70702c534c0c76;C:\Program Files\Java\jdk-17.0.4\bin\server

VM Arguments:
jvm_args: -Xms1028m -Xmx2054m 
java_command: com.rs.Launcher
java_class_path (initial): bin;data/libs/commons-io-2.11.0.jar;data/libs/everythingrs-api.jar;data/libs/gson-2.2.2.jar;data/libs/guava-r438.jar;data/libs/javacord-3.4.0-shaded.jar;data/libs/json-simple-1.1.1.jar;data/libs/mvgate3.jar;data/libs/mysql-5.0.5-bin.jar;data/libs/mysql-connector-java-5.1.18-bin.jar;data/libs/mysql.jar;data/libs/netty-3.5.2.Final.jar;
Launcher Type: SUN_STANDARD

[Global flags]
     intx CICompilerCount                          = 3                                         {product} {ergonomic}
     uint ConcGCThreads                            = 1                                         {product} {ergonomic}
     uint G1ConcRefinementThreads                  = 4                                         {product} {ergonomic}
   size_t G1HeapRegionSize                         = 2097152                                   {product} {ergonomic}
    uintx GCDrainStackTargetSize                   = 64                                        {product} {ergonomic}
   size_t InitialHeapSize                          = 1077936128                                {product} {command line}
   size_t MarkStackSize                            = 4194304                                   {product} {ergonomic}
   size_t MaxHeapSize                              = 2153775104                                {product} {command line}
   size_t MinHeapDeltaBytes                        = 2097152                                   {product} {ergonomic}
   size_t MinHeapSize                              = 1077936128                                {product} {command line}
    uintx NonNMethodCodeHeapSize                   = 5832780                                {pd product} {ergonomic}
    uintx NonProfiledCodeHeapSize                  = 122912730                              {pd product} {ergonomic}
    uintx ProfiledCodeHeapSize                     = 122912730                              {pd product} {ergonomic}
    uintx ReservedCodeCacheSize                    = 251658240                              {pd product} {ergonomic}
     bool SegmentedCodeCache                       = true                                      {product} {ergonomic}
   size_t SoftMaxHeapSize                          = 2153775104                             {manageable} {ergonomic}
     bool UseCompressedClassPointers               = true                           {product lp64_product} {ergonomic}
     bool UseCompressedOops                        = true                           {product lp64_product} {ergonomic}
     bool UseG1GC                                  = true                                      {product} {ergonomic}
     bool UseLargePagesIndividualAllocation        = false                                  {pd product} {ergonomic}

Logging:
Log output configuration:
 #0: stdout all=warning uptime,level,tags
 #1: stderr all=off uptime,level,tags

Environment Variables:
PATH=C:\Program Files\Common Files\Oracle\Java\javapath;C:\Program Files (x86)\Common Files\Oracle\Java\javapath;C:\Windows\system32;C:\Windows;C:\Windows\System32\Wbem;C:\Windows\System32\WindowsPowerShell\v1.0\;C:\Windows\System32\OpenSSH\;C:\Users\Administrator\AppData\Local\Microsoft\WindowsApps;
USERNAME=Administrator
OS=Windows_NT
PROCESSOR_IDENTIFIER=Intel64 Family 6 Model 60 Stepping 1, GenuineIntel



---------------  S Y S T E M  ---------------

OS:
 Windows Server 2019 , 64 bit Build 17763 (10.0.17763.1879)
OS uptime: 19 days 2:14 hours
KVM virtualization detected

CPU: total 4 (initial active 4) (1 cores per cpu, 1 threads per core) family 6 model 60 stepping 1 microcode 0x1, cx8, cmov, fxsr, mmx, sse, sse2, sse3, ssse3, sse4.1, sse4.2, popcnt, lzcnt, tsc, avx, avx2, aes, erms, clmul, bmi1, bmi2, fma, vzeroupper, clflush, hv

Memory: 4k page, system-wide physical 7999M (2932M free)
TotalPageFile size 8511M (AvailPageFile size 2772M)
current process WorkingSet (physical memory assigned to process): 10M, peak: 10M
current process commit charge ("private bytes"): 52M, peak: 1079M

vm_info: Java HotSpot(TM) 64-Bit Server VM (17.0.4+11-LTS-179) for windows-amd64 JRE (17.0.4+11-LTS-179), built on Jun 28 2022 08:23:05 by "mach5one" with MS VC++ 16.8 / 16.9 (VS2019)

END.
